0 info it worked if it ends with ok
1 verbose cli [ 'node', '/usr/local/bin/npm', 'publish' ]
2 info using npm@1.3.5
3 info using node@v0.10.15
4 verbose publish [ '.' ]
5 verbose cache add [ '.', null ]
6 verbose cache add name=undefined spec="." args=[".",null]
7 verbose parsed url { protocol: null,
7 verbose parsed url   slashes: null,
7 verbose parsed url   auth: null,
7 verbose parsed url   host: null,
7 verbose parsed url   port: null,
7 verbose parsed url   hostname: null,
7 verbose parsed url   hash: null,
7 verbose parsed url   search: null,
7 verbose parsed url   query: null,
7 verbose parsed url   pathname: '.',
7 verbose parsed url   path: '.',
7 verbose parsed url   href: '.' }
8 silly lockFile 3a52ce78- .
9 verbose lock . /Users/mikevalstar/.npm/3a52ce78-.lock
10 verbose tar pack [ '/var/folders/pq/wl8t08_s65j4hl1qdjkl6fc80000gn/T/npm-30677-Ow7FnInZ/1384545656051-0.41030481713823974/tmp.tgz',
10 verbose tar pack   '.' ]
11 verbose tarball /var/folders/pq/wl8t08_s65j4hl1qdjkl6fc80000gn/T/npm-30677-Ow7FnInZ/1384545656051-0.41030481713823974/tmp.tgz
12 verbose folder .
13 info prepublish generator-express-webapp@0.0.3
14 silly lockFile 1f1177db-tar tar://.
15 verbose lock tar://. /Users/mikevalstar/.npm/1f1177db-tar.lock
16 silly lockFile c1333cc1-6051-0-41030481713823974-tmp-tgz tar:///var/folders/pq/wl8t08_s65j4hl1qdjkl6fc80000gn/T/npm-30677-Ow7FnInZ/1384545656051-0.41030481713823974/tmp.tgz
17 verbose lock tar:///var/folders/pq/wl8t08_s65j4hl1qdjkl6fc80000gn/T/npm-30677-Ow7FnInZ/1384545656051-0.41030481713823974/tmp.tgz /Users/mikevalstar/.npm/c1333cc1-6051-0-41030481713823974-tmp-tgz.lock
18 silly lockFile 1f1177db-tar tar://.
19 silly lockFile 1f1177db-tar tar://.
20 silly lockFile c1333cc1-6051-0-41030481713823974-tmp-tgz tar:///var/folders/pq/wl8t08_s65j4hl1qdjkl6fc80000gn/T/npm-30677-Ow7FnInZ/1384545656051-0.41030481713823974/tmp.tgz
21 silly lockFile c1333cc1-6051-0-41030481713823974-tmp-tgz tar:///var/folders/pq/wl8t08_s65j4hl1qdjkl6fc80000gn/T/npm-30677-Ow7FnInZ/1384545656051-0.41030481713823974/tmp.tgz
22 verbose tar unpack /var/folders/pq/wl8t08_s65j4hl1qdjkl6fc80000gn/T/npm-30677-Ow7FnInZ/1384545656051-0.41030481713823974/tmp.tgz
23 silly lockFile cf3eba13-6051-0-41030481713823974-package tar:///var/folders/pq/wl8t08_s65j4hl1qdjkl6fc80000gn/T/npm-30677-Ow7FnInZ/1384545656051-0.41030481713823974/package
24 verbose lock tar:///var/folders/pq/wl8t08_s65j4hl1qdjkl6fc80000gn/T/npm-30677-Ow7FnInZ/1384545656051-0.41030481713823974/package /Users/mikevalstar/.npm/cf3eba13-6051-0-41030481713823974-package.lock
25 silly lockFile c1333cc1-6051-0-41030481713823974-tmp-tgz tar:///var/folders/pq/wl8t08_s65j4hl1qdjkl6fc80000gn/T/npm-30677-Ow7FnInZ/1384545656051-0.41030481713823974/tmp.tgz
26 verbose lock tar:///var/folders/pq/wl8t08_s65j4hl1qdjkl6fc80000gn/T/npm-30677-Ow7FnInZ/1384545656051-0.41030481713823974/tmp.tgz /Users/mikevalstar/.npm/c1333cc1-6051-0-41030481713823974-tmp-tgz.lock
27 silly gunzTarPerm modes [ '755', '644' ]
28 silly gunzTarPerm extractEntry package.json
29 silly gunzTarPerm extractEntry .npmignore
30 silly gunzTarPerm extractEntry README.md
31 silly gunzTarPerm extractEntry LICENSE
32 silly gunzTarPerm extractEntry Gruntfile.js
33 silly gunzTarPerm extractEntry .editorconfig
34 silly gunzTarPerm extractEntry .gitattributes
35 silly gunzTarPerm extractEntry .jshintrc
36 silly gunzTarPerm extractEntry app/index.js
37 silly gunzTarPerm extractEntry app/templates/_Gruntfile.js
38 silly gunzTarPerm extractEntry app/templates/_app.js
39 silly gunzTarPerm extractEntry app/templates/_bower.json
40 silly gunzTarPerm extractEntry app/templates/_package.json
41 silly gunzTarPerm extractEntry app/templates/bowerrc
42 silly gunzTarPerm extractEntry app/templates/views/_index.jade
43 silly gunzTarPerm extractEntry app/templates/views/_layout.jade
44 silly gunzTarPerm extractEntry app/templates/editorconfig
45 silly gunzTarPerm extractEntry app/templates/jshintrc
46 silly gunzTarPerm extractEntry app/templates/public/_styles.less
47 silly gunzTarPerm extractEntry app/templates/routes/_index.js
48 silly gunzTarPerm extractEntry app/templates/config/_config.js
49 silly gunzTarPerm extractEntry .travis.yml
50 silly gunzTarPerm extractEntry test/test-creation.js
51 silly gunzTarPerm extractEntry test/test-load.js
52 silly gunzTarPerm extractEntry test/temp/package.json
53 silly gunzTarPerm extractEntry test/temp/Gruntfile.js
54 silly gunzTarPerm extractEntry test/temp/app.js
55 silly gunzTarPerm extractEntry test/temp/bower.json
56 silly gunzTarPerm extractEntry test/temp/.jshintrc
57 silly gunzTarPerm extractEntry test/temp/.editorconfig
58 silly gunzTarPerm extractEntry test/temp/config/config.js
59 silly gunzTarPerm extractEntry test/temp/.bowerrc
60 silly gunzTarPerm extractEntry test/temp/public/less/styles.less
61 silly gunzTarPerm extractEntry test/temp/routes/index.js
62 silly gunzTarPerm extractEntry test/temp/views/index.jade
63 silly gunzTarPerm extractEntry test/temp/views/layout.jade
64 silly lockFile cf3eba13-6051-0-41030481713823974-package tar:///var/folders/pq/wl8t08_s65j4hl1qdjkl6fc80000gn/T/npm-30677-Ow7FnInZ/1384545656051-0.41030481713823974/package
65 silly lockFile cf3eba13-6051-0-41030481713823974-package tar:///var/folders/pq/wl8t08_s65j4hl1qdjkl6fc80000gn/T/npm-30677-Ow7FnInZ/1384545656051-0.41030481713823974/package
66 silly lockFile c1333cc1-6051-0-41030481713823974-tmp-tgz tar:///var/folders/pq/wl8t08_s65j4hl1qdjkl6fc80000gn/T/npm-30677-Ow7FnInZ/1384545656051-0.41030481713823974/tmp.tgz
67 silly lockFile c1333cc1-6051-0-41030481713823974-tmp-tgz tar:///var/folders/pq/wl8t08_s65j4hl1qdjkl6fc80000gn/T/npm-30677-Ow7FnInZ/1384545656051-0.41030481713823974/tmp.tgz
68 verbose tar pack [ '/Users/mikevalstar/.npm/generator-express-webapp/0.0.3/package.tgz',
68 verbose tar pack   '/var/folders/pq/wl8t08_s65j4hl1qdjkl6fc80000gn/T/npm-30677-Ow7FnInZ/1384545656051-0.41030481713823974/package' ]
69 verbose tarball /Users/mikevalstar/.npm/generator-express-webapp/0.0.3/package.tgz
70 verbose folder /var/folders/pq/wl8t08_s65j4hl1qdjkl6fc80000gn/T/npm-30677-Ow7FnInZ/1384545656051-0.41030481713823974/package
71 silly lockFile cf3eba13-6051-0-41030481713823974-package tar:///var/folders/pq/wl8t08_s65j4hl1qdjkl6fc80000gn/T/npm-30677-Ow7FnInZ/1384545656051-0.41030481713823974/package
72 verbose lock tar:///var/folders/pq/wl8t08_s65j4hl1qdjkl6fc80000gn/T/npm-30677-Ow7FnInZ/1384545656051-0.41030481713823974/package /Users/mikevalstar/.npm/cf3eba13-6051-0-41030481713823974-package.lock
73 silly lockFile ffb43777-express-webapp-0-0-3-package-tgz tar:///Users/mikevalstar/.npm/generator-express-webapp/0.0.3/package.tgz
74 verbose lock tar:///Users/mikevalstar/.npm/generator-express-webapp/0.0.3/package.tgz /Users/mikevalstar/.npm/ffb43777-express-webapp-0-0-3-package-tgz.lock
75 silly lockFile cf3eba13-6051-0-41030481713823974-package tar:///var/folders/pq/wl8t08_s65j4hl1qdjkl6fc80000gn/T/npm-30677-Ow7FnInZ/1384545656051-0.41030481713823974/package
76 silly lockFile cf3eba13-6051-0-41030481713823974-package tar:///var/folders/pq/wl8t08_s65j4hl1qdjkl6fc80000gn/T/npm-30677-Ow7FnInZ/1384545656051-0.41030481713823974/package
77 silly lockFile ffb43777-express-webapp-0-0-3-package-tgz tar:///Users/mikevalstar/.npm/generator-express-webapp/0.0.3/package.tgz
78 silly lockFile ffb43777-express-webapp-0-0-3-package-tgz tar:///Users/mikevalstar/.npm/generator-express-webapp/0.0.3/package.tgz
79 silly lockFile 3bddf3ff-tor-express-webapp-0-0-3-package /Users/mikevalstar/.npm/generator-express-webapp/0.0.3/package
80 verbose lock /Users/mikevalstar/.npm/generator-express-webapp/0.0.3/package /Users/mikevalstar/.npm/3bddf3ff-tor-express-webapp-0-0-3-package.lock
81 silly lockFile 3bddf3ff-tor-express-webapp-0-0-3-package /Users/mikevalstar/.npm/generator-express-webapp/0.0.3/package
82 silly lockFile 3bddf3ff-tor-express-webapp-0-0-3-package /Users/mikevalstar/.npm/generator-express-webapp/0.0.3/package
83 verbose tar unpack /Users/mikevalstar/.npm/generator-express-webapp/0.0.3/package.tgz
84 silly lockFile 826e54dd-tor-express-webapp-0-0-3-package tar:///Users/mikevalstar/.npm/generator-express-webapp/0.0.3/package
85 verbose lock tar:///Users/mikevalstar/.npm/generator-express-webapp/0.0.3/package /Users/mikevalstar/.npm/826e54dd-tor-express-webapp-0-0-3-package.lock
86 silly lockFile ffb43777-express-webapp-0-0-3-package-tgz tar:///Users/mikevalstar/.npm/generator-express-webapp/0.0.3/package.tgz
87 verbose lock tar:///Users/mikevalstar/.npm/generator-express-webapp/0.0.3/package.tgz /Users/mikevalstar/.npm/ffb43777-express-webapp-0-0-3-package-tgz.lock
88 silly gunzTarPerm modes [ '755', '644' ]
89 silly gunzTarPerm extractEntry package.json
90 silly gunzTarPerm extractEntry .npmignore
91 silly gunzTarPerm extractEntry README.md
92 silly gunzTarPerm extractEntry LICENSE
93 silly gunzTarPerm extractEntry Gruntfile.js
94 silly gunzTarPerm extractEntry .gitattributes
95 silly gunzTarPerm extractEntry .jshintrc
96 silly gunzTarPerm extractEntry .editorconfig
97 silly gunzTarPerm extractEntry app/index.js
98 silly gunzTarPerm extractEntry app/templates/_Gruntfile.js
99 silly gunzTarPerm extractEntry app/templates/_app.js
100 silly gunzTarPerm extractEntry app/templates/_bower.json
101 silly gunzTarPerm extractEntry app/templates/_package.json
102 silly gunzTarPerm extractEntry app/templates/bowerrc
103 silly gunzTarPerm extractEntry app/templates/views/_index.jade
104 silly gunzTarPerm extractEntry app/templates/views/_layout.jade
105 silly gunzTarPerm extractEntry app/templates/editorconfig
106 silly gunzTarPerm extractEntry app/templates/jshintrc
107 silly gunzTarPerm extractEntry app/templates/public/_styles.less
108 silly gunzTarPerm extractEntry app/templates/routes/_index.js
109 silly gunzTarPerm extractEntry app/templates/config/_config.js
110 silly gunzTarPerm extractEntry .travis.yml
111 silly gunzTarPerm extractEntry test/test-creation.js
112 silly gunzTarPerm extractEntry test/test-load.js
113 silly gunzTarPerm extractEntry test/temp/package.json
114 silly gunzTarPerm extractEntry test/temp/Gruntfile.js
115 silly gunzTarPerm extractEntry test/temp/app.js
116 silly gunzTarPerm extractEntry test/temp/bower.json
117 silly gunzTarPerm extractEntry test/temp/.jshintrc
118 silly gunzTarPerm extractEntry test/temp/.editorconfig
119 silly gunzTarPerm extractEntry test/temp/config/config.js
120 silly gunzTarPerm extractEntry test/temp/.bowerrc
121 silly gunzTarPerm extractEntry test/temp/public/less/styles.less
122 silly gunzTarPerm extractEntry test/temp/routes/index.js
123 silly gunzTarPerm extractEntry test/temp/views/index.jade
124 silly gunzTarPerm extractEntry test/temp/views/layout.jade
125 silly lockFile 826e54dd-tor-express-webapp-0-0-3-package tar:///Users/mikevalstar/.npm/generator-express-webapp/0.0.3/package
126 silly lockFile 826e54dd-tor-express-webapp-0-0-3-package tar:///Users/mikevalstar/.npm/generator-express-webapp/0.0.3/package
127 silly lockFile ffb43777-express-webapp-0-0-3-package-tgz tar:///Users/mikevalstar/.npm/generator-express-webapp/0.0.3/package.tgz
128 silly lockFile ffb43777-express-webapp-0-0-3-package-tgz tar:///Users/mikevalstar/.npm/generator-express-webapp/0.0.3/package.tgz
129 verbose chmod /Users/mikevalstar/.npm/generator-express-webapp/0.0.3/package.tgz 644
130 verbose chown /Users/mikevalstar/.npm/generator-express-webapp/0.0.3/package.tgz [ 501, 20 ]
131 silly lockFile 3a52ce78- .
132 silly lockFile 3a52ce78- .
133 silly publish { name: 'generator-express-webapp',
133 silly publish   version: '0.0.3',
133 silly publish   description: 'A generator for Yeoman',
133 silly publish   keywords: [ 'yeoman-generator', 'express' ],
133 silly publish   homepage: 'https://github.com/mikevalstar/generator-express-webapp',
133 silly publish   bugs: { url: 'https://github.com/mikevalstar/generator-express-webapp/issues' },
133 silly publish   author:
133 silly publish    { name: 'Mike Valstar',
133 silly publish      email: 'mikevalstar@gmail.com',
133 silly publish      url: 'https://github.com/mikevalstar' },
133 silly publish   main: 'app/index.js',
133 silly publish   repository:
133 silly publish    { type: 'git',
133 silly publish      url: 'git://github.com/mikevalstar/generator-express-webapp.git' },
133 silly publish   scripts: { test: 'mocha' },
133 silly publish   dependencies: { 'yeoman-generator': '~0.13.0' },
133 silly publish   devDependencies:
133 silly publish    { mocha: '~1.12.0',
133 silly publish      grunt: '~0.4.1',
133 silly publish      'grunt-contrib-jshint': '~0.7.1',
133 silly publish      'load-grunt-tasks': '~0.1.0',
133 silly publish      semver: '~2.1.0',
133 silly publish      'grunt-release': '~0.6.0' },
133 silly publish   peerDependencies: { yo: '>=1.0.0' },
133 silly publish   engines: { node: '>=0.8.0', npm: '>=1.2.10' },
133 silly publish   licenses: [ { type: 'MIT' } ],
133 silly publish   readme: '# generator-express-webapp [![Build Status](https://secure.travis-ci.org/mikevalstar/generator-express-webapp.png?branch=master)](https://travis-ci.org/mikevalstar/generator-express-webapp)\n\nA generator for [Yeoman](http://yeoman.io).\n\nThis project generates an Express project in MVC style for use with Bookshelf.js and mysql\n\n## Usage\n\nInstall `generator-express-webapp`:\n```\nnpm install -g generator-express-webapp\n```\n\nMake a new directory, and `cd` into it:\n```\nmkdir my-new-project && cd $_\n```\n\nRun Yeoman:\n```\nyo express-webapp\n```\n\n## Generators\n\nAvailable generators:\n* express-webapp (aka express-webapp:app)\n\n## License\n\n[MIT License](http://en.wikipedia.org/wiki/MIT_License)\n',
133 silly publish   readmeFilename: 'README.md',
133 silly publish   _id: 'generator-express-webapp@0.0.3',
133 silly publish   dist: { shasum: 'f0f8441989a859e7528b468a769b44ce269233a1' },
133 silly publish   _from: '.' }
134 error need auth auth and email required for publishing
134 error need auth You need to authorize this machine using `npm adduser`
135 error System Darwin 13.0.0
136 error command "node" "/usr/local/bin/npm" "publish"
137 error cwd /Users/mikevalstar/Repos/generator-express-webapp
138 error node -v v0.10.15
139 error npm -v 1.3.5
140 error code ENEEDAUTH
141 verbose exit [ 1, true ]
